zerosapp/build/app/intermediates/manifest_merge_blame_file/release/manifest-merger-blame-release-report.txt
1<?xml version="1.0" encoding="utf-8"?>
2<manifest xmlns:android="http://schemas.android.com/apk/res/android"
3    package="com.zeros"
4    android:versionCode="1"
5    android:versionName="1.0.0" >
6
7    <uses-sdk
8        android:minSdkVersion="21"
8-->src\main\AndroidManifest.xml
9        android:targetSdkVersion="30" />
9-->src\main\AndroidManifest.xml
10    <!--
11    Internet permissions do not affect the `permission_handler` plugin, but are required if your app needs access to
12    the internet.
13    -->
14
15
16    <!-- Permissions options for the `storage` group -->
17    <uses-permission android:name="android.permission.READ_EXTERNAL_STORAGE" />
17-->src\main\AndroidManifest.xml:9:5-79
17-->src\main\AndroidManifest.xml:9:22-77
18    <uses-permission android:name="android.permission.WRITE_EXTERNAL_STORAGE" />
18-->src\main\AndroidManifest.xml:10:5-80
18-->src\main\AndroidManifest.xml:10:22-78
19    <uses-permission android:name="android.permission.INTERNET" />
19-->src\main\AndroidManifest.xml:11:5-66
19-->src\main\AndroidManifest.xml:11:22-64
20    <uses-permission android:name="android.permission.ACCESS_FINE_LOCATION" />
20-->src\main\AndroidManifest.xml:12:5-79
20-->src\main\AndroidManifest.xml:12:22-76
21    <uses-permission android:name="android.permission.ACCESS_COARSE_LOCATION" />
21-->src\main\AndroidManifest.xml:13:5-81
21-->src\main\AndroidManifest.xml:13:22-78
22    <uses-permission android:name="android.permission.FOREGROUND_SERVICE" />
22-->[:geolocator_android] AndroidManifest.xml:9:5-77
22-->[:geolocator_android] AndroidManifest.xml:9:22-74
23    <uses-permission android:name="android.permission.RECORD_AUDIO" />
23-->[:tflite_flutter_helper] AndroidManifest.xml:9:5-71
23-->[:tflite_flutter_helper] AndroidManifest.xml:9:22-68
24    <uses-permission android:name="android.permission.CAMERA" />
24-->[:camera] AndroidManifest.xml:9:5-65
24-->[:camera] AndroidManifest.xml:9:22-62
25    <uses-permission android:name="android.permission.ACCESS_NETWORK_STATE" />
25-->[com.google.firebase:firebase-auth:22.0.0] AndroidManifest.xml:26:5-79
25-->[com.google.firebase:firebase-auth:22.0.0] AndroidManifest.xml:26:22-76
26
27    <uses-feature
27-->[com.google.android.gms:play-services-maps:18.1.0] AndroidManifest.xml:26:5-28:35
28        android:glEsVersion="0x00020000"
28-->[com.google.android.gms:play-services-maps:18.1.0] AndroidManifest.xml:27:9-41
29        android:required="true" />
29-->[com.google.android.gms:play-services-maps:18.1.0] AndroidManifest.xml:28:9-32
30
31    <queries>
31-->[com.google.android.gms:play-services-maps:18.1.0] AndroidManifest.xml:30:5-34:15
32
33        <!-- Needs to be explicitly declared on Android R+ -->
34        <package android:name="com.google.android.apps.maps" />
34-->[com.google.android.gms:play-services-maps:18.1.0] AndroidManifest.xml:33:9-64
34-->[com.google.android.gms:play-services-maps:18.1.0] AndroidManifest.xml:33:18-61
35    </queries>
36
37    <uses-permission android:name="android.permission.WAKE_LOCK" />
37-->[com.google.android.gms:play-services-measurement-api:21.2.2] AndroidManifest.xml:24:5-68
37-->[com.google.android.gms:play-services-measurement-api:21.2.2] AndroidManifest.xml:24:22-65
38    <uses-permission android:name="com.google.android.gms.permission.AD_ID" />
38-->[com.google.android.gms:play-services-measurement-api:21.2.2] AndroidManifest.xml:25:5-79
38-->[com.google.android.gms:play-services-measurement-api:21.2.2] AndroidManifest.xml:25:22-76
39    <uses-permission android:name="com.google.android.finsky.permission.BIND_GET_INSTALL_REFERRER_SERVICE" />
39-->[com.google.android.gms:play-services-measurement:21.2.2] AndroidManifest.xml:26:5-110
39-->[com.google.android.gms:play-services-measurement:21.2.2] AndroidManifest.xml:26:22-107
40
41    <permission
41-->[androidx.core:core:1.10.1] AndroidManifest.xml:22:5-24:47
42        android:name="com.zeros.DYNAMIC_RECEIVER_NOT_EXPORTED_PERMISSION"
42-->[androidx.core:core:1.10.1] AndroidManifest.xml:23:9-81
43        android:protectionLevel="signature" />
43-->[androidx.core:core:1.10.1] AndroidManifest.xml:24:9-44
44
45    <uses-permission android:name="com.zeros.DYNAMIC_RECEIVER_NOT_EXPORTED_PERMISSION" />
45-->[androidx.core:core:1.10.1] AndroidManifest.xml:26:5-97
45-->[androidx.core:core:1.10.1] AndroidManifest.xml:26:22-94
46
47    <application
48        android:name="android.app.Application"
48-->src\main\AndroidManifest.xml:17:9-42
49        android:appComponentFactory="androidx.core.app.CoreComponentFactory"
49-->[androidx.core:core:1.10.1] AndroidManifest.xml:28:18-86
50        android:icon="@mipmap/ic_launcher"
50-->src\main\AndroidManifest.xml:19:9-43
51        android:label="ZER0$"
51-->src\main\AndroidManifest.xml:16:9-30
52        android:requestLegacyExternalStorage="true" >
52-->src\main\AndroidManifest.xml:18:9-52
53        android:requestLegacyExternalStorage="true"
54        <activity
54-->src\main\AndroidManifest.xml:21:9-43:20
55            android:name="com.zeros.MainActivity"
55-->src\main\AndroidManifest.xml:22:13-41
56            android:configChanges="orientation|keyboardHidden|keyboard|screenSize|smallestScreenSize|locale|layoutDirection|fontScale|screenLayout|density|uiMode"
56-->src\main\AndroidManifest.xml:26:13-163
57            android:exported="true"
57-->src\main\AndroidManifest.xml:23:13-36
58            android:hardwareAccelerated="true"
58-->src\main\AndroidManifest.xml:27:13-47
59            android:launchMode="singleTop"
59-->src\main\AndroidManifest.xml:24:13-43
60            android:theme="@style/LaunchTheme"
60-->src\main\AndroidManifest.xml:25:13-47
61            android:windowSoftInputMode="adjustResize" >
61-->src\main\AndroidManifest.xml:28:13-55
62
63            <!--
64                 Specifies an Android theme to apply to this Activity as soon as
65                 the Android process has started. This theme is visible to the user
66                 while the Flutter UI initializes. After that, this theme continues
67                 to determine the Window background behind the Flutter UI.
68            -->
69            <meta-data
69-->src\main\AndroidManifest.xml:33:13-36:17
70                android:name="io.flutter.embedding.android.NormalTheme"
70-->src\main\AndroidManifest.xml:34:15-70
71                android:resource="@style/NormalTheme" />
71-->src\main\AndroidManifest.xml:35:15-52
72            <meta-data
72-->src\main\AndroidManifest.xml:37:13-38:48
73                android:name="com.google.android.geo.API_KEY"
73-->src\main\AndroidManifest.xml:37:24-69
74                android:value="YOUR KEY HERE" />
74-->src\main\AndroidManifest.xml:38:17-46
75
76            <intent-filter>
76-->src\main\AndroidManifest.xml:39:13-42:29
77                <action android:name="android.intent.action.MAIN" />
77-->src\main\AndroidManifest.xml:40:17-68
77-->src\main\AndroidManifest.xml:40:25-66
78
79                <category android:name="android.intent.category.LAUNCHER" />
79-->src\main\AndroidManifest.xml:41:17-76
79-->src\main\AndroidManifest.xml:41:27-74
80            </intent-filter>
81        </activity>
82        <!--
83             Don't delete the meta-data below.
84             This is used by the Flutter tool to generate GeneratedPluginRegistrant.java
85        -->
86        <meta-data
86-->src\main\AndroidManifest.xml:46:9-48:33
87            android:name="flutterEmbedding"
87-->src\main\AndroidManifest.xml:47:13-44
88            android:value="2" />
88-->src\main\AndroidManifest.xml:48:13-30
89
90        <service
90-->[:cloud_firestore] AndroidManifest.xml:10:9-14:19
91            android:name="com.google.firebase.components.ComponentDiscoveryService"
91-->[:cloud_firestore] AndroidManifest.xml:10:18-89
92            android:directBootAware="true"
92-->[com.google.firebase:firebase-common:20.3.2] AndroidManifest.xml:34:13-43
93            android:exported="false" >
93-->[com.google.firebase:firebase-auth:22.0.0] AndroidManifest.xml:68:13-37
94            <meta-data
94-->[:cloud_firestore] AndroidManifest.xml:11:13-13:85
95                android:name="com.google.firebase.components:io.flutter.plugins.firebase.firestore.FlutterFirebaseFirestoreRegistrar"
95-->[:cloud_firestore] AndroidManifest.xml:12:17-134
96                android:value="com.google.firebase.components.ComponentRegistrar" />
96-->[:cloud_firestore] AndroidManifest.xml:13:17-82
97            <meta-data
97-->[:firebase_auth] AndroidManifest.xml:11:13-13:85
98                android:name="com.google.firebase.components:io.flutter.plugins.firebase.auth.FlutterFirebaseAuthRegistrar"
98-->[:firebase_auth] AndroidManifest.xml:12:17-124
99                android:value="com.google.firebase.components.ComponentRegistrar" />
99-->[:firebase_auth] AndroidManifest.xml:13:17-82
100            <meta-data
100-->[:firebase_storage] AndroidManifest.xml:11:13-13:85
101                android:name="com.google.firebase.components:io.flutter.plugins.firebase.storage.FlutterFirebaseAppRegistrar"
101-->[:firebase_storage] AndroidManifest.xml:12:17-126
102                android:value="com.google.firebase.components.ComponentRegistrar" />
102-->[:firebase_storage] AndroidManifest.xml:13:17-82
103            <meta-data
103-->[:firebase_core] AndroidManifest.xml:11:13-13:85
104                android:name="com.google.firebase.components:io.flutter.plugins.firebase.core.FlutterFirebaseCoreRegistrar"
104-->[:firebase_core] AndroidManifest.xml:12:17-124
105                android:value="com.google.firebase.components.ComponentRegistrar" />
105-->[:firebase_core] AndroidManifest.xml:13:17-82
106            <meta-data
106-->[com.google.firebase:firebase-auth:22.0.0] AndroidManifest.xml:69:13-71:85
107                android:name="com.google.firebase.components:com.google.firebase.auth.FirebaseAuthRegistrar"
107-->[com.google.firebase:firebase-auth:22.0.0] AndroidManifest.xml:70:17-109
108                android:value="com.google.firebase.components.ComponentRegistrar" />
108-->[com.google.firebase:firebase-auth:22.0.0] AndroidManifest.xml:71:17-82
109            <meta-data
109-->[com.google.firebase:firebase-firestore:24.6.0] AndroidManifest.xml:19:13-21:85
110                android:name="com.google.firebase.components:com.google.firebase.firestore.FirestoreRegistrar"
110-->[com.google.firebase:firebase-firestore:24.6.0] AndroidManifest.xml:20:17-111
111                android:value="com.google.firebase.components.ComponentRegistrar" />
111-->[com.google.firebase:firebase-firestore:24.6.0] AndroidManifest.xml:21:17-82
112            <meta-data
112-->[com.google.firebase:firebase-storage:20.2.0] AndroidManifest.xml:32:13-34:85
113                android:name="com.google.firebase.components:com.google.firebase.storage.StorageRegistrar"
113-->[com.google.firebase:firebase-storage:20.2.0] AndroidManifest.xml:33:17-107
114                android:value="com.google.firebase.components.ComponentRegistrar" />
114-->[com.google.firebase:firebase-storage:20.2.0] AndroidManifest.xml:34:17-82
115            <meta-data
115-->[com.google.android.gms:play-services-measurement-api:21.2.2] AndroidManifest.xml:31:13-33:85
116                android:name="com.google.firebase.components:com.google.firebase.analytics.connector.internal.AnalyticsConnectorRegistrar"
116-->[com.google.android.gms:play-services-measurement-api:21.2.2] AndroidManifest.xml:32:17-139
117                android:value="com.google.firebase.components.ComponentRegistrar" />
117-->[com.google.android.gms:play-services-measurement-api:21.2.2] AndroidManifest.xml:33:17-82
118            <meta-data
118-->[com.google.firebase:firebase-installations:17.1.3] AndroidManifest.xml:17:13-19:85
119                android:name="com.google.firebase.components:com.google.firebase.installations.FirebaseInstallationsRegistrar"
119-->[com.google.firebase:firebase-installations:17.1.3] AndroidManifest.xml:18:17-127
120                android:value="com.google.firebase.components.ComponentRegistrar" />
120-->[com.google.firebase:firebase-installations:17.1.3] AndroidManifest.xml:19:17-82
121        </service>
122        <service
122-->[:geolocator_android] AndroidManifest.xml:12:9-16:56
123            android:name="com.baseflow.geolocator.GeolocatorLocationService"
123-->[:geolocator_android] AndroidManifest.xml:13:13-77
124            android:enabled="true"
124-->[:geolocator_android] AndroidManifest.xml:14:13-35
125            android:exported="false"
125-->[:geolocator_android] AndroidManifest.xml:15:13-37
126            android:foregroundServiceType="location" />
126-->[:geolocator_android] AndroidManifest.xml:16:13-53
127
128        <provider
128-->[:image_picker_android] AndroidManifest.xml:10:9-18:20
129            android:name="io.flutter.plugins.imagepicker.ImagePickerFileProvider"
129-->[:image_picker_android] AndroidManifest.xml:11:13-82
130            android:authorities="com.zeros.flutter.image_provider"
130-->[:image_picker_android] AndroidManifest.xml:12:13-74
131            android:exported="false"
131-->[:image_picker_android] AndroidManifest.xml:13:13-37
132            android:grantUriPermissions="true" >
132-->[:image_picker_android] AndroidManifest.xml:14:13-47
133            <meta-data
133-->[:image_picker_android] AndroidManifest.xml:15:13-17:75
134                android:name="android.support.FILE_PROVIDER_PATHS"
134-->[:image_picker_android] AndroidManifest.xml:16:17-67
135                android:resource="@xml/flutter_image_picker_file_paths" />
135-->[:image_picker_android] AndroidManifest.xml:17:17-72
136        </provider>
137
138        <activity
138-->[:url_launcher_android] AndroidManifest.xml:10:9-13:74
139            android:name="io.flutter.plugins.urllauncher.WebViewActivity"
139-->[:url_launcher_android] AndroidManifest.xml:11:13-74
140            android:exported="false"
140-->[:url_launcher_android] AndroidManifest.xml:12:13-37
141            android:theme="@android:style/Theme.NoTitleBar.Fullscreen" />
141-->[:url_launcher_android] AndroidManifest.xml:13:13-71
142
143        <provider
143-->[:share_plus] AndroidManifest.xml:10:9-18:20
144            android:name="dev.fluttercommunity.plus.share.ShareFileProvider"
144-->[:share_plus] AndroidManifest.xml:11:13-77
145            android:authorities="com.zeros.flutter.share_provider"
145-->[:share_plus] AndroidManifest.xml:12:13-74
146            android:exported="false"
146-->[:share_plus] AndroidManifest.xml:13:13-37
147            android:grantUriPermissions="true" >
147-->[:share_plus] AndroidManifest.xml:14:13-47
148            <meta-data
148-->[:image_picker_android] AndroidManifest.xml:15:13-17:75
149                android:name="android.support.FILE_PROVIDER_PATHS"
149-->[:image_picker_android] AndroidManifest.xml:16:17-67
150                android:resource="@xml/flutter_share_file_paths" />
150-->[:image_picker_android] AndroidManifest.xml:17:17-72
151        </provider>
152
153        <service
153-->[:location] AndroidManifest.xml:13:9-17:56
154            android:name="com.lyokone.location.FlutterLocationService"
154-->[:location] AndroidManifest.xml:14:13-71
155            android:enabled="true"
155-->[:location] AndroidManifest.xml:15:13-35
156            android:exported="false"
156-->[:location] AndroidManifest.xml:16:13-37
157            android:foregroundServiceType="location" />
157-->[:location] AndroidManifest.xml:17:13-53
158
159        <activity
159-->[com.google.firebase:firebase-auth:22.0.0] AndroidManifest.xml:29:9-46:20
160            android:name="com.google.firebase.auth.internal.GenericIdpActivity"
160-->[com.google.firebase:firebase-auth:22.0.0] AndroidManifest.xml:30:13-80
161            android:excludeFromRecents="true"
161-->[com.google.firebase:firebase-auth:22.0.0] AndroidManifest.xml:31:13-46
162            android:exported="true"
162-->[com.google.firebase:firebase-auth:22.0.0] AndroidManifest.xml:32:13-36
163            android:launchMode="singleTask"
163-->[com.google.firebase:firebase-auth:22.0.0] AndroidManifest.xml:33:13-44
164            android:theme="@android:style/Theme.Translucent.NoTitleBar" >
164-->[com.google.firebase:firebase-auth:22.0.0] AndroidManifest.xml:34:13-72
165            <intent-filter>
165-->[com.google.firebase:firebase-auth:22.0.0] AndroidManifest.xml:35:13-45:29
166                <action android:name="android.intent.action.VIEW" />
166-->[com.google.firebase:firebase-auth:22.0.0] AndroidManifest.xml:36:17-69
166-->[com.google.firebase:firebase-auth:22.0.0] AndroidManifest.xml:36:25-66
167
168                <category android:name="android.intent.category.DEFAULT" />
168-->[com.google.firebase:firebase-auth:22.0.0] AndroidManifest.xml:38:17-76
168-->[com.google.firebase:firebase-auth:22.0.0] AndroidManifest.xml:38:27-73
169                <category android:name="android.intent.category.BROWSABLE" />
169-->[com.google.firebase:firebase-auth:22.0.0] AndroidManifest.xml:39:17-78
169-->[com.google.firebase:firebase-auth:22.0.0] AndroidManifest.xml:39:27-75
170
171                <data
171-->[com.google.firebase:firebase-auth:22.0.0] AndroidManifest.xml:41:17-44:51
172                    android:host="firebase.auth"
172-->[com.google.firebase:firebase-auth:22.0.0] AndroidManifest.xml:42:21-49
173                    android:path="/"
173-->[com.google.firebase:firebase-auth:22.0.0] AndroidManifest.xml:43:21-37
174                    android:scheme="genericidp" />
174-->[com.google.firebase:firebase-auth:22.0.0] AndroidManifest.xml:44:21-48
175            </intent-filter>
176        </activity>
177        <activity
177-->[com.google.firebase:firebase-auth:22.0.0] AndroidManifest.xml:47:9-64:20
178            android:name="com.google.firebase.auth.internal.RecaptchaActivity"
178-->[com.google.firebase:firebase-auth:22.0.0] AndroidManifest.xml:48:13-79
179            android:excludeFromRecents="true"
179-->[com.google.firebase:firebase-auth:22.0.0] AndroidManifest.xml:49:13-46
180            android:exported="true"
180-->[com.google.firebase:firebase-auth:22.0.0] AndroidManifest.xml:50:13-36
181            android:launchMode="singleTask"
181-->[com.google.firebase:firebase-auth:22.0.0] AndroidManifest.xml:51:13-44
182            android:theme="@android:style/Theme.Translucent.NoTitleBar" >
182-->[com.google.firebase:firebase-auth:22.0.0] AndroidManifest.xml:52:13-72
183            <intent-filter>
183-->[com.google.firebase:firebase-auth:22.0.0] AndroidManifest.xml:53:13-63:29
184                <action android:name="android.intent.action.VIEW" />
184-->[com.google.firebase:firebase-auth:22.0.0] AndroidManifest.xml:36:17-69
184-->[com.google.firebase:firebase-auth:22.0.0] AndroidManifest.xml:36:25-66
185
186                <category android:name="android.intent.category.DEFAULT" />
186-->[com.google.firebase:firebase-auth:22.0.0] AndroidManifest.xml:38:17-76
186-->[com.google.firebase:firebase-auth:22.0.0] AndroidManifest.xml:38:27-73
187                <category android:name="android.intent.category.BROWSABLE" />
187-->[com.google.firebase:firebase-auth:22.0.0] AndroidManifest.xml:39:17-78
187-->[com.google.firebase:firebase-auth:22.0.0] AndroidManifest.xml:39:27-75
188
189                <data
189-->[com.google.firebase:firebase-auth:22.0.0] AndroidManifest.xml:41:17-44:51
190                    android:host="firebase.auth"
190-->[com.google.firebase:firebase-auth:22.0.0] AndroidManifest.xml:42:21-49
191                    android:path="/"
191-->[com.google.firebase:firebase-auth:22.0.0] AndroidManifest.xml:43:21-37
192                    android:scheme="recaptcha" />
192-->[com.google.firebase:firebase-auth:22.0.0] AndroidManifest.xml:44:21-48
193            </intent-filter>
194        </activity> <!-- Needs to be explicitly declared on P+ -->
195        <uses-library
195-->[com.google.android.gms:play-services-maps:18.1.0] AndroidManifest.xml:39:9-41:40
196            android:name="org.apache.http.legacy"
196-->[com.google.android.gms:play-services-maps:18.1.0] AndroidManifest.xml:40:13-50
197            android:required="false" />
197-->[com.google.android.gms:play-services-maps:18.1.0] AndroidManifest.xml:41:13-37
198
199        <activity
199-->[com.google.android.gms:play-services-auth:20.5.0] AndroidManifest.xml:23:9-27:75
200            android:name="com.google.android.gms.auth.api.signin.internal.SignInHubActivity"
200-->[com.google.android.gms:play-services-auth:20.5.0] AndroidManifest.xml:24:13-93
201            android:excludeFromRecents="true"
201-->[com.google.android.gms:play-services-auth:20.5.0] AndroidManifest.xml:25:13-46
202            android:exported="false"
202-->[com.google.android.gms:play-services-auth:20.5.0] AndroidManifest.xml:26:13-37
203            android:theme="@android:style/Theme.Translucent.NoTitleBar" />
203-->[com.google.android.gms:play-services-auth:20.5.0] AndroidManifest.xml:27:13-72
204        <!--
205            Service handling Google Sign-In user revocation. For apps that do not integrate with
206            Google Sign-In, this service will never be started.
207        -->
208        <service
208-->[com.google.android.gms:play-services-auth:20.5.0] AndroidManifest.xml:33:9-37:51
209            android:name="com.google.android.gms.auth.api.signin.RevocationBoundService"
209-->[com.google.android.gms:play-services-auth:20.5.0] AndroidManifest.xml:34:13-89
210            android:exported="true"
210-->[com.google.android.gms:play-services-auth:20.5.0] AndroidManifest.xml:35:13-36
211            android:permission="com.google.android.gms.auth.api.signin.permission.REVOCATION_NOTIFICATION"
211-->[com.google.android.gms:play-services-auth:20.5.0] AndroidManifest.xml:36:13-107
212            android:visibleToInstantApps="true" />
212-->[com.google.android.gms:play-services-auth:20.5.0] AndroidManifest.xml:37:13-48
213        <service
213-->[com.google.android.gms:play-services-mlkit-barcode-scanning:18.2.0] AndroidManifest.xml:9:9-15:19
214            android:name="com.google.mlkit.common.internal.MlKitComponentDiscoveryService"
214-->[com.google.android.gms:play-services-mlkit-barcode-scanning:18.2.0] AndroidManifest.xml:10:13-91
215            android:directBootAware="true"
215-->[com.google.mlkit:common:18.7.0] AndroidManifest.xml:17:13-43
216            android:exported="false" >
216-->[com.google.android.gms:play-services-mlkit-barcode-scanning:18.2.0] AndroidManifest.xml:11:13-37
217            <meta-data
217-->[com.google.android.gms:play-services-mlkit-barcode-scanning:18.2.0] AndroidManifest.xml:12:13-14:85
218                android:name="com.google.firebase.components:com.google.mlkit.vision.barcode.internal.BarcodeRegistrar"
218-->[com.google.android.gms:play-services-mlkit-barcode-scanning:18.2.0] AndroidManifest.xml:13:17-120
219                android:value="com.google.firebase.components.ComponentRegistrar" />
219-->[com.google.android.gms:play-services-mlkit-barcode-scanning:18.2.0] AndroidManifest.xml:14:17-82
220            <meta-data
220-->[com.google.mlkit:vision-common:17.3.0] AndroidManifest.xml:12:13-14:85
221                android:name="com.google.firebase.components:com.google.mlkit.vision.common.internal.VisionCommonRegistrar"
221-->[com.google.mlkit:vision-common:17.3.0] AndroidManifest.xml:13:17-124
222                android:value="com.google.firebase.components.ComponentRegistrar" />
222-->[com.google.mlkit:vision-common:17.3.0] AndroidManifest.xml:14:17-82
223            <meta-data
223-->[com.google.mlkit:common:18.7.0] AndroidManifest.xml:20:13-22:85
224                android:name="com.google.firebase.components:com.google.mlkit.common.internal.CommonComponentRegistrar"
224-->[com.google.mlkit:common:18.7.0] AndroidManifest.xml:21:17-120
225                android:value="com.google.firebase.components.ComponentRegistrar" />
225-->[com.google.mlkit:common:18.7.0] AndroidManifest.xml:22:17-82
226        </service>
227
228        <provider
228-->[com.google.mlkit:common:18.7.0] AndroidManifest.xml:9:9-13:38
229            android:name="com.google.mlkit.common.internal.MlKitInitProvider"
229-->[com.google.mlkit:common:18.7.0] AndroidManifest.xml:10:13-78
230            android:authorities="com.zeros.mlkitinitprovider"
230-->[com.google.mlkit:common:18.7.0] AndroidManifest.xml:11:13-69
231            android:exported="false"
231-->[com.google.mlkit:common:18.7.0] AndroidManifest.xml:12:13-37
232            android:initOrder="99" />
232-->[com.google.mlkit:common:18.7.0] AndroidManifest.xml:13:13-35
233
234        <activity
234-->[com.google.android.gms:play-services-base:18.1.0] AndroidManifest.xml:20:9-22:45
235            android:name="com.google.android.gms.common.api.GoogleApiActivity"
235-->[com.google.android.gms:play-services-base:18.1.0] AndroidManifest.xml:20:19-85
236            android:exported="false"
236-->[com.google.android.gms:play-services-base:18.1.0] AndroidManifest.xml:22:19-43
237            android:theme="@android:style/Theme.Translucent.NoTitleBar" />
237-->[com.google.android.gms:play-services-base:18.1.0] AndroidManifest.xml:21:19-78
238
239        <provider
239-->[com.google.firebase:firebase-common:20.3.2] AndroidManifest.xml:25:9-30:39
240            android:name="com.google.firebase.provider.FirebaseInitProvider"
240-->[com.google.firebase:firebase-common:20.3.2] AndroidManifest.xml:26:13-77
241            android:authorities="com.zeros.firebaseinitprovider"
241-->[com.google.firebase:firebase-common:20.3.2] AndroidManifest.xml:27:13-72
242            android:directBootAware="true"
242-->[com.google.firebase:firebase-common:20.3.2] AndroidManifest.xml:28:13-43
243            android:exported="false"
243-->[com.google.firebase:firebase-common:20.3.2] AndroidManifest.xml:29:13-37
244            android:initOrder="100" />
244-->[com.google.firebase:firebase-common:20.3.2] AndroidManifest.xml:30:13-36
245
246        <receiver
246-->[com.google.android.gms:play-services-measurement:21.2.2] AndroidManifest.xml:29:9-33:20
247            android:name="com.google.android.gms.measurement.AppMeasurementReceiver"
247-->[com.google.android.gms:play-services-measurement:21.2.2] AndroidManifest.xml:30:13-85
248            android:enabled="true"
248-->[com.google.android.gms:play-services-measurement:21.2.2] AndroidManifest.xml:31:13-35
249            android:exported="false" >
249-->[com.google.android.gms:play-services-measurement:21.2.2] AndroidManifest.xml:32:13-37
250        </receiver>
251
252        <service
252-->[com.google.android.gms:play-services-measurement:21.2.2] AndroidManifest.xml:35:9-38:40
253            android:name="com.google.android.gms.measurement.AppMeasurementService"
253-->[com.google.android.gms:play-services-measurement:21.2.2] AndroidManifest.xml:36:13-84
254            android:enabled="true"
254-->[com.google.android.gms:play-services-measurement:21.2.2] AndroidManifest.xml:37:13-35
255            android:exported="false" />
255-->[com.google.android.gms:play-services-measurement:21.2.2] AndroidManifest.xml:38:13-37
256        <service
256-->[com.google.android.gms:play-services-measurement:21.2.2] AndroidManifest.xml:39:9-43:72
257            android:name="com.google.android.gms.measurement.AppMeasurementJobService"
257-->[com.google.android.gms:play-services-measurement:21.2.2] AndroidManifest.xml:40:13-87
258            android:enabled="true"
258-->[com.google.android.gms:play-services-measurement:21.2.2] AndroidManifest.xml:41:13-35
259            android:exported="false"
259-->[com.google.android.gms:play-services-measurement:21.2.2] AndroidManifest.xml:42:13-37
260            android:permission="android.permission.BIND_JOB_SERVICE" />
260-->[com.google.android.gms:play-services-measurement:21.2.2] AndroidManifest.xml:43:13-69
261
262        <meta-data
262-->[com.google.android.gms:play-services-basement:18.2.0] AndroidManifest.xml:21:9-23:69
263            android:name="com.google.android.gms.version"
263-->[com.google.android.gms:play-services-basement:18.2.0] AndroidManifest.xml:22:13-58
264            android:value="@integer/google_play_services_version" />
264-->[com.google.android.gms:play-services-basement:18.2.0] AndroidManifest.xml:23:13-66
265
266        <service
266-->[androidx.camera:camera-camera2:1.2.3] AndroidManifest.xml:24:9-33:19
267            android:name="androidx.camera.core.impl.MetadataHolderService"
267-->[androidx.camera:camera-camera2:1.2.3] AndroidManifest.xml:25:13-75
268            android:enabled="false"
268-->[androidx.camera:camera-camera2:1.2.3] AndroidManifest.xml:26:13-36
269            android:exported="false" >
269-->[androidx.camera:camera-camera2:1.2.3] AndroidManifest.xml:27:13-37
270            <meta-data
270-->[androidx.camera:camera-camera2:1.2.3] AndroidManifest.xml:30:13-32:89
271                android:name="androidx.camera.core.impl.MetadataHolderService.DEFAULT_CONFIG_PROVIDER"
271-->[androidx.camera:camera-camera2:1.2.3] AndroidManifest.xml:31:17-103
272                android:value="androidx.camera.camera2.Camera2Config$DefaultProvider" />
272-->[androidx.camera:camera-camera2:1.2.3] AndroidManifest.xml:32:17-86
273        </service>
274
275        <uses-library
275-->[androidx.window:window:1.0.0-beta04] AndroidManifest.xml:25:9-27:40
276            android:name="androidx.window.extensions"
276-->[androidx.window:window:1.0.0-beta04] AndroidManifest.xml:26:13-54
277            android:required="false" />
277-->[androidx.window:window:1.0.0-beta04] AndroidManifest.xml:27:13-37
278        <uses-library
278-->[androidx.window:window:1.0.0-beta04] AndroidManifest.xml:28:9-30:40
279            android:name="androidx.window.sidecar"
279-->[androidx.window:window:1.0.0-beta04] AndroidManifest.xml:29:13-51
280            android:required="false" />
280-->[androidx.window:window:1.0.0-beta04] AndroidManifest.xml:30:13-37
281
282        <service
282-->[com.google.android.datatransport:transport-backend-cct:2.3.3] AndroidManifest.xml:29:9-35:19
283            android:name="com.google.android.datatransport.runtime.backends.TransportBackendDiscovery"